<?xml version="1.0" encoding="UTF-8" standalone="no"?>
<testsuite failures="0" name="cucumber.runtime.formatter.JUnitFormatter" skipped="0" tests="2" time="0">
    <testcase classname="This is for testing with tags" name="To verify login page" time="0">
        <system-out>
            <![CDATA[Given User is on login page.................................................skipped
]]>
        </system-out>
    </testcase>
    <testcase classname="This is for testing with tags" name="To verify task page" time="0">
        <system-out>
            <![CDATA[Given User is on task page..................................................skipped
]]>
        </system-out>
    </testcase>
</testsuite>
